<?xml version="1.0" encoding="UTF-8"?>
<testng-results skipped="0" failed="0" ignored="0" total="1" passed="1">
  <reporter-output>
  </reporter-output>
  <suite name="Parallel test suite" duration-ms="65922" started-at="2018-03-15T13:01:02Z" finished-at="2018-03-15T13:02:08Z">
    <groups>
    </groups>
    <test name="Chrome Test" duration-ms="65922" started-at="2018-03-15T13:01:02Z" finished-at="2018-03-15T13:02:08Z">
      <class name="RunManager.HybridExecuteTest">
        <test-method status="PASS" signature="runManager(java.lang.String)[pri:0, instance:RunManager.HybridExecuteTest@7ce6a65d]" name="runManager" duration-ms="65851" started-at="2018-03-15T18:31:02Z" finished-at="2018-03-15T18:32:08Z">
          <params>
            <param index="0">
              <value>
                <![CDATA[Chrome]]>
              </value>
            </param>
          </params>
          <reporter-output>
          </reporter-output>
        </test-method> <!-- runManager -->
      </class> <!-- RunManager.HybridExecuteTest -->
    </test> <!-- Chrome Test -->
  </suite> <!-- Parallel test suite -->
</testng-results>
